Determining if the pthread_create exist failed with the following output:
Change Dir: /home/yons/develop/AI/projects/visual_slam/ch6/ceres_curve_fitting/build/Debug/CMakeFiles/CMakeTmp

Run Build Command:"/usr/bin/make" "cmTC_6e4ce/fast"
/usr/bin/make -f CMakeFiles/cmTC_6e4ce.dir/build.make CMakeFiles/cmTC_6e4ce.dir/build
make[1]: 进入目录“/home/yons/develop/AI/projects/visual_slam/ch6/ceres_curve_fitting/build/Debug/CMakeFiles/CMakeTmp”
Building C object CMakeFiles/cmTC_6e4ce.dir/CheckSymbolExists.c.o
/usr/bin/gcc    -o CMakeFiles/cmTC_6e4ce.dir/CheckSymbolExists.c.o   -c /home/yons/develop/AI/projects/visual_slam/ch6/ceres_curve_fitting/build/Debug/CMakeFiles/CMakeTmp/CheckSymbolExists.c
Linking C executable cmTC_6e4ce
/usr/bin/cmake -E cmake_link_script CMakeFiles/cmTC_6e4ce.dir/link.txt --verbose=1
/usr/bin/gcc      -rdynamic CMakeFiles/cmTC_6e4ce.dir/CheckSymbolExists.c.o  -o cmTC_6e4ce 
CMakeFiles/cmTC_6e4ce.dir/CheckSymbolExists.c.o：在函数‘main’中：
CheckSymbolExists.c:(.text+0x1b)：对‘pthread_create’未定义的引用
collect2: error: ld returned 1 exit status
CMakeFiles/cmTC_6e4ce.dir/build.make:97: recipe for target 'cmTC_6e4ce' failed
make[1]: *** [cmTC_6e4ce] Error 1
make[1]: 离开目录“/home/yons/develop/AI/projects/visual_slam/ch6/ceres_curve_fitting/build/Debug/CMakeFiles/CMakeTmp”
Makefile:126: recipe for target 'cmTC_6e4ce/fast' failed
make: *** [cmTC_6e4ce/fast] Error 2

File /home/yons/develop/AI/projects/visual_slam/ch6/ceres_curve_fitting/build/Debug/CMakeFiles/CMakeTmp/CheckSymbolExists.c:
/* */
#include <pthread.h>

int main(int argc, char** argv)
{
  (void)argv;
#ifndef pthread_create
  return ((int*)(&pthread_create))[argc];
#else
  (void)argc;
  return 0;
#endif
}

Determining if the function pthread_create exists in the pthreads failed with the following output:
Change Dir: /home/yons/develop/AI/projects/visual_slam/ch6/ceres_curve_fitting/build/Debug/CMakeFiles/CMakeTmp

Run Build Command:"/usr/bin/make" "cmTC_41dab/fast"
/usr/bin/make -f CMakeFiles/cmTC_41dab.dir/build.make CMakeFiles/cmTC_41dab.dir/build
make[1]: 进入目录“/home/yons/develop/AI/projects/visual_slam/ch6/ceres_curve_fitting/build/Debug/CMakeFiles/CMakeTmp”
Building C object CMakeFiles/cmTC_41dab.dir/CheckFunctionExists.c.o
/usr/bin/gcc   -DCHECK_FUNCTION_EXISTS=pthread_create   -o CMakeFiles/cmTC_41dab.dir/CheckFunctionExists.c.o   -c /usr/share/cmake-3.10/Modules/CheckFunctionExists.c
Linking C executable cmTC_41dab
/usr/bin/cmake -E cmake_link_script CMakeFiles/cmTC_41dab.dir/link.txt --verbose=1
/usr/bin/gcc  -DCHECK_FUNCTION_EXISTS=pthread_create    -rdynamic CMakeFiles/cmTC_41dab.dir/CheckFunctionExists.c.o  -o cmTC_41dab -lpthreads 
/usr/bin/ld: 找不到 -lpthreads
collect2: error: ld returned 1 exit status
CMakeFiles/cmTC_41dab.dir/build.make:97: recipe for target 'cmTC_41dab' failed
make[1]: *** [cmTC_41dab] Error 1
make[1]: 离开目录“/home/yons/develop/AI/projects/visual_slam/ch6/ceres_curve_fitting/build/Debug/CMakeFiles/CMakeTmp”
Makefile:126: recipe for target 'cmTC_41dab/fast' failed
make: *** [cmTC_41dab/fast] Error 2


