[35m[1mScanning dependencies of target _action_demo_generate_messages_check_deps_LinewalkGoal[0m
[35m[1mScanning dependencies of target geometry_msgs_generate_messages_py[0m
[  0%] Built target geometry_msgs_generate_messages_py
[35m[1mScanning dependencies of target _action_demo_generate_messages_check_deps_LinewalkAction[0m
[35m[1mScanning dependencies of target _action_demo_generate_messages_check_deps_LinewalkActionResult[0m
[35m[1mScanning dependencies of target actionlib_msgs_generate_messages_py[0m
[  0%] Built target actionlib_msgs_generate_messages_py
[35m[1mScanning dependencies of target _action_demo_generate_messages_check_deps_LinewalkResult[0m
[  0%] Built target _action_demo_generate_messages_check_deps_LinewalkActionResult
[  0%] Built target _action_demo_generate_messages_check_deps_LinewalkGoal
[  0%] Built target _action_demo_generate_messages_check_deps_LinewalkAction
[  0%] Built target _action_demo_generate_messages_check_deps_LinewalkResult
[35m[1mScanning dependencies of target _action_demo_generate_messages_check_deps_LinewalkActionFeedback[0m
[35m[1mScanning dependencies of target std_msgs_generate_messages_py[0m
[  0%] Built target std_msgs_generate_messages_py
[35m[1mScanning dependencies of target _action_demo_generate_messages_check_deps_LinewalkFeedback[0m
[35m[1mScanning dependencies of target _action_demo_generate_messages_check_deps_LinewalkActionGoal[0m
[  0%] Built target _action_demo_generate_messages_check_deps_LinewalkActionFeedback
[35m[1mScanning dependencies of target geometry_msgs_generate_messages_lisp[0m
[  0%] Built target geometry_msgs_generate_messages_lisp
[35m[1mScanning dependencies of target std_msgs_generate_messages_lisp[0m
[35m[1mScanning dependencies of target actionlib_msgs_generate_messages_lisp[0m
[  0%] Built target std_msgs_generate_messages_lisp
[  0%] Built target actionlib_msgs_generate_messages_lisp
[35m[1mScanning dependencies of target actionlib_msgs_generate_messages_eus[0m
[  0%] Built target _action_demo_generate_messages_check_deps_LinewalkFeedback
[  0%] Built target _action_demo_generate_messages_check_deps_LinewalkActionGoal
[  0%] Built target actionlib_msgs_generate_messages_eus
[35m[1mScanning dependencies of target std_msgs_generate_messages_eus[0m
[  0%] Built target std_msgs_generate_messages_eus
[35m[1mScanning dependencies of target geometry_msgs_generate_messages_eus[0m
[  0%] Built target geometry_msgs_generate_messages_eus
[35m[1mScanning dependencies of target geometry_msgs_generate_messages_cpp[0m
[  0%] Built target geometry_msgs_generate_messages_cpp
[35m[1mScanning dependencies of target actionlib_msgs_generate_messages_cpp[0m
[35m[1mScanning dependencies of target std_msgs_generate_messages_cpp[0m
[  0%] Built target actionlib_msgs_generate_messages_cpp
[  0%] Built target std_msgs_generate_messages_cpp
[35m[1mScanning dependencies of target actionlib_msgs_generate_messages_nodejs[0m
[35m[1mScanning dependencies of target std_msgs_generate_messages_nodejs[0m
[  0%] Built target actionlib_msgs_generate_messages_nodejs
[  0%] Built target std_msgs_generate_messages_nodejs
[35m[1mScanning dependencies of target geometry_msgs_generate_messages_nodejs[0m
[  0%] Built target geometry_msgs_generate_messages_nodejs
[35m[1mScanning dependencies of target action_demo_generate_messages_py[0m
[  2%] [34m[1mGenerating Python from MSG action_demo/LinewalkFeedback[0m
[  5%] [34m[1mGenerating Python from MSG action_demo/LinewalkActionGoal[0m
[  8%] [34m[1mGenerating Python from MSG action_demo/LinewalkResult[0m
[ 10%] [34m[1mGenerating Python from MSG action_demo/LinewalkGoal[0m
[ 13%] [34m[1mGenerating Python from MSG action_demo/LinewalkActionResult[0m
[ 16%] [34m[1mGenerating Python from MSG action_demo/LinewalkAction[0m
[ 18%] [34m[1mGenerating Python from MSG action_demo/LinewalkActionFeedback[0m
[35m[1mScanning dependencies of target action_demo_generate_messages_lisp[0m
[ 21%] [34m[1mGenerating Lisp code from action_demo/LinewalkFeedback.msg[0m
[35m[1mScanning dependencies of target action_demo_generate_messages_eus[0m
[ 24%] [34m[1mGenerating Lisp code from action_demo/LinewalkActionGoal.msg[0m
[ 27%] [34m[1mGenerating EusLisp code from action_demo/LinewalkFeedback.msg[0m
[ 29%] [34m[1mGenerating EusLisp code from action_demo/LinewalkActionGoal.msg[0m
[ 32%] [34m[1mGenerating Python msg __init__.py for action_demo[0m
[ 35%] [34m[1mGenerating EusLisp code from action_demo/LinewalkResult.msg[0m
[ 37%] [34m[1mGenerating Lisp code from action_demo/LinewalkResult.msg[0m
[ 40%] [34m[1mGenerating Lisp code from action_demo/LinewalkAction.msg[0m
[ 40%] Built target action_demo_generate_messages_py
[35m[1mScanning dependencies of target action_demo_generate_messages_cpp[0m
[ 43%] [34m[1mGenerating EusLisp code from action_demo/LinewalkAction.msg[0m
[35m[1mScanning dependencies of target action_demo_generate_messages_nodejs[0m
[ 45%] [34m[1mGenerating C++ code from action_demo/LinewalkFeedback.msg[0m
[ 48%] [34m[1mGenerating EusLisp code from action_demo/LinewalkActionResult.msg[0m
[ 51%] [34m[1mGenerating C++ code from action_demo/LinewalkActionGoal.msg[0m
[ 54%] [34m[1mGenerating Lisp code from action_demo/LinewalkActionResult.msg[0m
[ 56%] [34m[1mGenerating Javascript code from action_demo/LinewalkFeedback.msg[0m
[ 59%] [34m[1mGenerating Lisp code from action_demo/LinewalkGoal.msg[0m
[ 62%] [34m[1mGenerating Javascript code from action_demo/LinewalkActionGoal.msg[0m
[ 64%] [34m[1mGenerating C++ code from action_demo/LinewalkResult.msg[0m
[ 67%] [34m[1mGenerating Lisp code from action_demo/LinewalkActionFeedback.msg[0m
[ 70%] [34m[1mGenerating Javascript code from action_demo/LinewalkResult.msg[0m
[ 72%] [34m[1mGenerating EusLisp code from action_demo/LinewalkGoal.msg[0m
[ 75%] [34m[1mGenerating C++ code from action_demo/LinewalkAction.msg[0m
[ 78%] [34m[1mGenerating Javascript code from action_demo/LinewalkAction.msg[0m
[ 78%] Built target action_demo_generate_messages_lisp
[ 81%] [34m[1mGenerating EusLisp code from action_demo/LinewalkActionFeedback.msg[0m
[ 83%] [34m[1mGenerating Javascript code from action_demo/LinewalkActionResult.msg[0m
[ 86%] [34m[1mGenerating EusLisp manifest code for action_demo[0m
[ 89%] [34m[1mGenerating Javascript code from action_demo/LinewalkGoal.msg[0m
[ 91%] [34m[1mGenerating C++ code from action_demo/LinewalkActionResult.msg[0m
[ 94%] [34m[1mGenerating C++ code from action_demo/LinewalkGoal.msg[0m
[ 97%] [34m[1mGenerating C++ code from action_demo/LinewalkActionFeedback.msg[0m
[100%] [34m[1mGenerating Javascript code from action_demo/LinewalkActionFeedback.msg[0m
[100%] Built target action_demo_generate_messages_nodejs
[100%] Built target action_demo_generate_messages_cpp
[100%] Built target action_demo_generate_messages_eus
[35m[1mScanning dependencies of target action_demo_generate_messages[0m
[100%] Built target action_demo_generate_messages
