Symlinking /home/yons/develop/AI/V_Slam/sim_platform/devel/share/gennodejs/ros/action_demo/_index.js
Symlinking /home/yons/develop/AI/V_Slam/sim_platform/devel/share/gennodejs/ros/action_demo/msg/LinewalkAction.js
Symlinking /home/yons/develop/AI/V_Slam/sim_platform/devel/share/gennodejs/ros/action_demo/msg/LinewalkFeedback.js
Symlinking /home/yons/develop/AI/V_Slam/sim_platform/devel/share/gennodejs/ros/action_demo/msg/LinewalkGoal.js
Symlinking /home/yons/develop/AI/V_Slam/sim_platform/devel/share/gennodejs/ros/action_demo/msg/LinewalkActionGoal.js
Symlinking /home/yons/develop/AI/V_Slam/sim_platform/devel/share/gennodejs/ros/action_demo/msg/LinewalkActionResult.js
Symlinking /home/yons/develop/AI/V_Slam/sim_platform/devel/share/gennodejs/ros/action_demo/msg/LinewalkResult.js
Symlinking /home/yons/develop/AI/V_Slam/sim_platform/devel/share/gennodejs/ros/action_demo/msg/_index.js
Symlinking /home/yons/develop/AI/V_Slam/sim_platform/devel/share/gennodejs/ros/action_demo/msg/LinewalkActionFeedback.js
Symlinking /home/yons/develop/AI/V_Slam/sim_platform/devel/share/roseus/ros/action_demo/manifest.l
Symlinking /home/yons/develop/AI/V_Slam/sim_platform/devel/share/roseus/ros/action_demo/msg/LinewalkGoal.l
Symlinking /home/yons/develop/AI/V_Slam/sim_platform/devel/share/roseus/ros/action_demo/msg/LinewalkResult.l
Symlinking /home/yons/develop/AI/V_Slam/sim_platform/devel/share/roseus/ros/action_demo/msg/LinewalkActionResult.l
Symlinking /home/yons/develop/AI/V_Slam/sim_platform/devel/share/roseus/ros/action_demo/msg/LinewalkFeedback.l
Symlinking /home/yons/develop/AI/V_Slam/sim_platform/devel/share/roseus/ros/action_demo/msg/LinewalkAction.l
Symlinking /home/yons/develop/AI/V_Slam/sim_platform/devel/share/roseus/ros/action_demo/msg/LinewalkActionGoal.l
Symlinking /home/yons/develop/AI/V_Slam/sim_platform/devel/share/roseus/ros/action_demo/msg/LinewalkActionFeedback.l
Symlinking /home/yons/develop/AI/V_Slam/sim_platform/devel/share/action_demo/cmake/action_demo-msg-extras.cmake
Symlinking /home/yons/develop/AI/V_Slam/sim_platform/devel/share/action_demo/cmake/action_demoConfig.cmake
Symlinking /home/yons/develop/AI/V_Slam/sim_platform/devel/share/action_demo/cmake/action_demoConfig-version.cmake
Symlinking /home/yons/develop/AI/V_Slam/sim_platform/devel/share/action_demo/cmake/action_demo-msg-paths.cmake
Symlinking /home/yons/develop/AI/V_Slam/sim_platform/devel/share/action_demo/msg/LinewalkFeedback.msg
Symlinking /home/yons/develop/AI/V_Slam/sim_platform/devel/share/action_demo/msg/LinewalkActionFeedback.msg
Symlinking /home/yons/develop/AI/V_Slam/sim_platform/devel/share/action_demo/msg/LinewalkGoal.msg
Symlinking /home/yons/develop/AI/V_Slam/sim_platform/devel/share/action_demo/msg/LinewalkActionGoal.msg
Symlinking /home/yons/develop/AI/V_Slam/sim_platform/devel/share/action_demo/msg/LinewalkResult.msg
Symlinking /home/yons/develop/AI/V_Slam/sim_platform/devel/share/action_demo/msg/LinewalkAction.msg
Symlinking /home/yons/develop/AI/V_Slam/sim_platform/devel/share/action_demo/msg/LinewalkActionResult.msg
Symlinking /home/yons/develop/AI/V_Slam/sim_platform/devel/share/common-lisp/ros/action_demo/msg/_package_LinewalkActionFeedback.lisp
Symlinking /home/yons/develop/AI/V_Slam/sim_platform/devel/share/common-lisp/ros/action_demo/msg/_package_LinewalkActionGoal.lisp
Symlinking /home/yons/develop/AI/V_Slam/sim_platform/devel/share/common-lisp/ros/action_demo/msg/_package_LinewalkActionResult.lisp
Symlinking /home/yons/develop/AI/V_Slam/sim_platform/devel/share/common-lisp/ros/action_demo/msg/LinewalkActionFeedback.lisp
Symlinking /home/yons/develop/AI/V_Slam/sim_platform/devel/share/common-lisp/ros/action_demo/msg/action_demo-msg.asd
Symlinking /home/yons/develop/AI/V_Slam/sim_platform/devel/share/common-lisp/ros/action_demo/msg/_package_LinewalkGoal.lisp
Symlinking /home/yons/develop/AI/V_Slam/sim_platform/devel/share/common-lisp/ros/action_demo/msg/LinewalkGoal.lisp
Symlinking /home/yons/develop/AI/V_Slam/sim_platform/devel/share/common-lisp/ros/action_demo/msg/_package.lisp
Symlinking /home/yons/develop/AI/V_Slam/sim_platform/devel/share/common-lisp/ros/action_demo/msg/LinewalkAction.lisp
Symlinking /home/yons/develop/AI/V_Slam/sim_platform/devel/share/common-lisp/ros/action_demo/msg/_package_LinewalkResult.lisp
Symlinking /home/yons/develop/AI/V_Slam/sim_platform/devel/share/common-lisp/ros/action_demo/msg/LinewalkActionGoal.lisp
Symlinking /home/yons/develop/AI/V_Slam/sim_platform/devel/share/common-lisp/ros/action_demo/msg/LinewalkFeedback.lisp
Symlinking /home/yons/develop/AI/V_Slam/sim_platform/devel/share/common-lisp/ros/action_demo/msg/_package_LinewalkAction.lisp
Symlinking /home/yons/develop/AI/V_Slam/sim_platform/devel/share/common-lisp/ros/action_demo/msg/_package_LinewalkFeedback.lisp
Symlinking /home/yons/develop/AI/V_Slam/sim_platform/devel/share/common-lisp/ros/action_demo/msg/LinewalkResult.lisp
Symlinking /home/yons/develop/AI/V_Slam/sim_platform/devel/share/common-lisp/ros/action_demo/msg/LinewalkActionResult.lisp
Symlinking /home/yons/develop/AI/V_Slam/sim_platform/devel/include/action_demo/LinewalkActionFeedback.h
Symlinking /home/yons/develop/AI/V_Slam/sim_platform/devel/include/action_demo/LinewalkAction.h
Symlinking /home/yons/develop/AI/V_Slam/sim_platform/devel/include/action_demo/LinewalkGoal.h
Symlinking /home/yons/develop/AI/V_Slam/sim_platform/devel/include/action_demo/LinewalkActionGoal.h
Symlinking /home/yons/develop/AI/V_Slam/sim_platform/devel/include/action_demo/LinewalkResult.h
Symlinking /home/yons/develop/AI/V_Slam/sim_platform/devel/include/action_demo/LinewalkFeedback.h
Symlinking /home/yons/develop/AI/V_Slam/sim_platform/devel/include/action_demo/LinewalkActionResult.h
Symlinking /home/yons/develop/AI/V_Slam/sim_platform/devel/lib/pkgconfig/action_demo.pc
Symlinking /home/yons/develop/AI/V_Slam/sim_platform/devel/lib/python2.7/dist-packages/action_demo/__init__.py
Symlinking /home/yons/develop/AI/V_Slam/sim_platform/devel/lib/python2.7/dist-packages/action_demo/msg/_LinewalkActionFeedback.py
Symlinking /home/yons/develop/AI/V_Slam/sim_platform/devel/lib/python2.7/dist-packages/action_demo/msg/_LinewalkGoal.py
Symlinking /home/yons/develop/AI/V_Slam/sim_platform/devel/lib/python2.7/dist-packages/action_demo/msg/_LinewalkActionGoal.py
Symlinking /home/yons/develop/AI/V_Slam/sim_platform/devel/lib/python2.7/dist-packages/action_demo/msg/__init__.py
Symlinking /home/yons/develop/AI/V_Slam/sim_platform/devel/lib/python2.7/dist-packages/action_demo/msg/_LinewalkActionResult.py
Symlinking /home/yons/develop/AI/V_Slam/sim_platform/devel/lib/python2.7/dist-packages/action_demo/msg/_LinewalkAction.py
Symlinking /home/yons/develop/AI/V_Slam/sim_platform/devel/lib/python2.7/dist-packages/action_demo/msg/_LinewalkFeedback.py
Symlinking /home/yons/develop/AI/V_Slam/sim_platform/devel/lib/python2.7/dist-packages/action_demo/msg/_LinewalkResult.py
