Determining if the pthread_create exist failed with the following output:
Change Dir: /home/yons/develop/AI/V_Slam/catkin_carto/build/cartographer/CMakeFiles/CMakeTmp

Run Build Command:"/usr/bin/make" "cmTC_8ccf8/fast"
/usr/bin/make -f CMakeFiles/cmTC_8ccf8.dir/build.make CMakeFiles/cmTC_8ccf8.dir/build
make[1]: 进入目录“/home/yons/develop/AI/V_Slam/catkin_carto/build/cartographer/CMakeFiles/CMakeTmp”
Building C object CMakeFiles/cmTC_8ccf8.dir/CheckSymbolExists.c.o
/usr/lib/ccache/cc    -o CMakeFiles/cmTC_8ccf8.dir/CheckSymbolExists.c.o   -c /home/yons/develop/AI/V_Slam/catkin_carto/build/cartographer/CMakeFiles/CMakeTmp/CheckSymbolExists.c
Linking C executable cmTC_8ccf8
/usr/bin/cmake -E cmake_link_script CMakeFiles/cmTC_8ccf8.dir/link.txt --verbose=1
/usr/lib/ccache/cc      -rdynamic CMakeFiles/cmTC_8ccf8.dir/CheckSymbolExists.c.o  -o cmTC_8ccf8 
CMakeFiles/cmTC_8ccf8.dir/CheckSymbolExists.c.o：在函数‘main’中：
CheckSymbolExists.c:(.text+0x1b)：对‘pthread_create’未定义的引用
collect2: error: ld returned 1 exit status
CMakeFiles/cmTC_8ccf8.dir/build.make:97: recipe for target 'cmTC_8ccf8' failed
make[1]: *** [cmTC_8ccf8] Error 1
make[1]: 离开目录“/home/yons/develop/AI/V_Slam/catkin_carto/build/cartographer/CMakeFiles/CMakeTmp”
Makefile:126: recipe for target 'cmTC_8ccf8/fast' failed
make: *** [cmTC_8ccf8/fast] Error 2

File /home/yons/develop/AI/V_Slam/catkin_carto/build/cartographer/CMakeFiles/CMakeTmp/CheckSymbolExists.c:
/* */
#include <pthread.h>

int main(int argc, char** argv)
{
  (void)argv;
#ifndef pthread_create
  return ((int*)(&pthread_create))[argc];
#else
  (void)argc;
  return 0;
#endif
}

Determining if the function pthread_create exists in the pthreads failed with the following output:
Change Dir: /home/yons/develop/AI/V_Slam/catkin_carto/build/cartographer/CMakeFiles/CMakeTmp

Run Build Command:"/usr/bin/make" "cmTC_23f6e/fast"
/usr/bin/make -f CMakeFiles/cmTC_23f6e.dir/build.make CMakeFiles/cmTC_23f6e.dir/build
make[1]: 进入目录“/home/yons/develop/AI/V_Slam/catkin_carto/build/cartographer/CMakeFiles/CMakeTmp”
Building C object CMakeFiles/cmTC_23f6e.dir/CheckFunctionExists.c.o
/usr/lib/ccache/cc   -DCHECK_FUNCTION_EXISTS=pthread_create   -o CMakeFiles/cmTC_23f6e.dir/CheckFunctionExists.c.o   -c /usr/share/cmake-3.10/Modules/CheckFunctionExists.c
Linking C executable cmTC_23f6e
/usr/bin/cmake -E cmake_link_script CMakeFiles/cmTC_23f6e.dir/link.txt --verbose=1
/usr/lib/ccache/cc  -DCHECK_FUNCTION_EXISTS=pthread_create    -rdynamic CMakeFiles/cmTC_23f6e.dir/CheckFunctionExists.c.o  -o cmTC_23f6e -lpthreads 
/usr/bin/ld: 找不到 -lpthreads
collect2: error: ld returned 1 exit status
CMakeFiles/cmTC_23f6e.dir/build.make:97: recipe for target 'cmTC_23f6e' failed
make[1]: *** [cmTC_23f6e] Error 1
make[1]: 离开目录“/home/yons/develop/AI/V_Slam/catkin_carto/build/cartographer/CMakeFiles/CMakeTmp”
Makefile:126: recipe for target 'cmTC_23f6e/fast' failed
make: *** [cmTC_23f6e/fast] Error 2


