Determining if the pthread_create exist failed with the following output:
Change Dir: /home/yons/develop/AI/projects/visual_slam/ch5/joinMap/build/Debug/CMakeFiles/CMakeTmp

Run Build Command:"/usr/bin/make" "cmTC_c20b9/fast"
/usr/bin/make -f CMakeFiles/cmTC_c20b9.dir/build.make CMakeFiles/cmTC_c20b9.dir/build
make[1]: 进入目录“/home/yons/develop/AI/projects/visual_slam/ch5/joinMap/build/Debug/CMakeFiles/CMakeTmp”
Building C object CMakeFiles/cmTC_c20b9.dir/CheckSymbolExists.c.o
/usr/bin/gcc    -o CMakeFiles/cmTC_c20b9.dir/CheckSymbolExists.c.o   -c /home/yons/develop/AI/projects/visual_slam/ch5/joinMap/build/Debug/CMakeFiles/CMakeTmp/CheckSymbolExists.c
Linking C executable cmTC_c20b9
/usr/bin/cmake -E cmake_link_script CMakeFiles/cmTC_c20b9.dir/link.txt --verbose=1
/usr/bin/gcc      -rdynamic CMakeFiles/cmTC_c20b9.dir/CheckSymbolExists.c.o  -o cmTC_c20b9 
CMakeFiles/cmTC_c20b9.dir/CheckSymbolExists.c.o：在函数‘main’中：
CheckSymbolExists.c:(.text+0x1b)：对‘pthread_create’未定义的引用
collect2: error: ld returned 1 exit status
CMakeFiles/cmTC_c20b9.dir/build.make:97: recipe for target 'cmTC_c20b9' failed
make[1]: *** [cmTC_c20b9] Error 1
make[1]: 离开目录“/home/yons/develop/AI/projects/visual_slam/ch5/joinMap/build/Debug/CMakeFiles/CMakeTmp”
Makefile:126: recipe for target 'cmTC_c20b9/fast' failed
make: *** [cmTC_c20b9/fast] Error 2

File /home/yons/develop/AI/projects/visual_slam/ch5/joinMap/build/Debug/CMakeFiles/CMakeTmp/CheckSymbolExists.c:
/* */
#include <pthread.h>

int main(int argc, char** argv)
{
  (void)argv;
#ifndef pthread_create
  return ((int*)(&pthread_create))[argc];
#else
  (void)argc;
  return 0;
#endif
}

Determining if the function pthread_create exists in the pthreads failed with the following output:
Change Dir: /home/yons/develop/AI/projects/visual_slam/ch5/joinMap/build/Debug/CMakeFiles/CMakeTmp

Run Build Command:"/usr/bin/make" "cmTC_e1ab7/fast"
/usr/bin/make -f CMakeFiles/cmTC_e1ab7.dir/build.make CMakeFiles/cmTC_e1ab7.dir/build
make[1]: 进入目录“/home/yons/develop/AI/projects/visual_slam/ch5/joinMap/build/Debug/CMakeFiles/CMakeTmp”
Building C object CMakeFiles/cmTC_e1ab7.dir/CheckFunctionExists.c.o
/usr/bin/gcc   -DCHECK_FUNCTION_EXISTS=pthread_create   -o CMakeFiles/cmTC_e1ab7.dir/CheckFunctionExists.c.o   -c /usr/share/cmake-3.10/Modules/CheckFunctionExists.c
Linking C executable cmTC_e1ab7
/usr/bin/cmake -E cmake_link_script CMakeFiles/cmTC_e1ab7.dir/link.txt --verbose=1
/usr/bin/gcc  -DCHECK_FUNCTION_EXISTS=pthread_create    -rdynamic CMakeFiles/cmTC_e1ab7.dir/CheckFunctionExists.c.o  -o cmTC_e1ab7 -lpthreads 
/usr/bin/ld: 找不到 -lpthreads
collect2: error: ld returned 1 exit status
CMakeFiles/cmTC_e1ab7.dir/build.make:97: recipe for target 'cmTC_e1ab7' failed
make[1]: *** [cmTC_e1ab7] Error 1
make[1]: 离开目录“/home/yons/develop/AI/projects/visual_slam/ch5/joinMap/build/Debug/CMakeFiles/CMakeTmp”
Makefile:126: recipe for target 'cmTC_e1ab7/fast' failed
make: *** [cmTC_e1ab7/fast] Error 2


