Determining if the pthread_create exist failed with the following output:
Change Dir: /home/yons/develop/AI/V_Slam/sim_platform/build/gmapping/CMakeFiles/CMakeTmp

Run Build Command:"/usr/bin/make" "cmTC_28f5f/fast"
/usr/bin/make -f CMakeFiles/cmTC_28f5f.dir/build.make CMakeFiles/cmTC_28f5f.dir/build
make[1]: 进入目录“/home/yons/develop/AI/V_Slam/sim_platform/build/gmapping/CMakeFiles/CMakeTmp”
Building C object CMakeFiles/cmTC_28f5f.dir/CheckSymbolExists.c.o
/usr/lib/ccache/cc    -o CMakeFiles/cmTC_28f5f.dir/CheckSymbolExists.c.o   -c /home/yons/develop/AI/V_Slam/sim_platform/build/gmapping/CMakeFiles/CMakeTmp/CheckSymbolExists.c
Linking C executable cmTC_28f5f
/usr/bin/cmake -E cmake_link_script CMakeFiles/cmTC_28f5f.dir/link.txt --verbose=1
/usr/lib/ccache/cc      -rdynamic CMakeFiles/cmTC_28f5f.dir/CheckSymbolExists.c.o  -o cmTC_28f5f 
CMakeFiles/cmTC_28f5f.dir/CheckSymbolExists.c.o：在函数‘main’中：
CheckSymbolExists.c:(.text+0x1b)：对‘pthread_create’未定义的引用
collect2: error: ld returned 1 exit status
CMakeFiles/cmTC_28f5f.dir/build.make:97: recipe for target 'cmTC_28f5f' failed
make[1]: *** [cmTC_28f5f] Error 1
make[1]: 离开目录“/home/yons/develop/AI/V_Slam/sim_platform/build/gmapping/CMakeFiles/CMakeTmp”
Makefile:126: recipe for target 'cmTC_28f5f/fast' failed
make: *** [cmTC_28f5f/fast] Error 2

File /home/yons/develop/AI/V_Slam/sim_platform/build/gmapping/CMakeFiles/CMakeTmp/CheckSymbolExists.c:
/* */
#include <pthread.h>

int main(int argc, char** argv)
{
  (void)argv;
#ifndef pthread_create
  return ((int*)(&pthread_create))[argc];
#else
  (void)argc;
  return 0;
#endif
}

Determining if the function pthread_create exists in the pthreads failed with the following output:
Change Dir: /home/yons/develop/AI/V_Slam/sim_platform/build/gmapping/CMakeFiles/CMakeTmp

Run Build Command:"/usr/bin/make" "cmTC_49800/fast"
/usr/bin/make -f CMakeFiles/cmTC_49800.dir/build.make CMakeFiles/cmTC_49800.dir/build
make[1]: 进入目录“/home/yons/develop/AI/V_Slam/sim_platform/build/gmapping/CMakeFiles/CMakeTmp”
Building C object CMakeFiles/cmTC_49800.dir/CheckFunctionExists.c.o
/usr/lib/ccache/cc   -DCHECK_FUNCTION_EXISTS=pthread_create   -o CMakeFiles/cmTC_49800.dir/CheckFunctionExists.c.o   -c /usr/share/cmake-3.10/Modules/CheckFunctionExists.c
Linking C executable cmTC_49800
/usr/bin/cmake -E cmake_link_script CMakeFiles/cmTC_49800.dir/link.txt --verbose=1
/usr/lib/ccache/cc  -DCHECK_FUNCTION_EXISTS=pthread_create    -rdynamic CMakeFiles/cmTC_49800.dir/CheckFunctionExists.c.o  -o cmTC_49800 -lpthreads 
/usr/bin/ld: 找不到 -lpthreads
collect2: error: ld returned 1 exit status
CMakeFiles/cmTC_49800.dir/build.make:97: recipe for target 'cmTC_49800' failed
make[1]: *** [cmTC_49800] Error 1
make[1]: 离开目录“/home/yons/develop/AI/V_Slam/sim_platform/build/gmapping/CMakeFiles/CMakeTmp”
Makefile:126: recipe for target 'cmTC_49800/fast' failed
make: *** [cmTC_49800/fast] Error 2


