Symlinking /home/yons/develop/AI/V_Slam/sim_platform/devel/share/openslam_gmapping/cmake/openslam_gmappingConfig-version.cmake
Symlinking /home/yons/develop/AI/V_Slam/sim_platform/devel/share/openslam_gmapping/cmake/openslam_gmappingConfig.cmake
Symlinking /home/yons/develop/AI/V_Slam/sim_platform/devel/lib/libutils.so
Symlinking /home/yons/develop/AI/V_Slam/sim_platform/devel/lib/libsensor_range.so
Symlinking /home/yons/develop/AI/V_Slam/sim_platform/devel/lib/libconfigfile.so
Symlinking /home/yons/develop/AI/V_Slam/sim_platform/devel/lib/libscanmatcher.so
Symlinking /home/yons/develop/AI/V_Slam/sim_platform/devel/lib/libgridfastslam.so
Symlinking /home/yons/develop/AI/V_Slam/sim_platform/devel/lib/libsensor_odometry.so
Symlinking /home/yons/develop/AI/V_Slam/sim_platform/devel/lib/libsensor_base.so
Symlinking /home/yons/develop/AI/V_Slam/sim_platform/devel/lib/liblog.so
Symlinking /home/yons/develop/AI/V_Slam/sim_platform/devel/lib/openslam_gmapping/autoptr_test
Symlinking /home/yons/develop/AI/V_Slam/sim_platform/devel/lib/openslam_gmapping/gfs2rec
Symlinking /home/yons/develop/AI/V_Slam/sim_platform/devel/lib/openslam_gmapping/icptest
Symlinking /home/yons/develop/AI/V_Slam/sim_platform/devel/lib/openslam_gmapping/configfile_test
Symlinking /home/yons/develop/AI/V_Slam/sim_platform/devel/lib/openslam_gmapping/rdk2carmen
Symlinking /home/yons/develop/AI/V_Slam/sim_platform/devel/lib/openslam_gmapping/scanstudio2carmen
Symlinking /home/yons/develop/AI/V_Slam/sim_platform/devel/lib/openslam_gmapping/gfs2log
Symlinking /home/yons/develop/AI/V_Slam/sim_platform/devel/lib/openslam_gmapping/log_plot
Symlinking /home/yons/develop/AI/V_Slam/sim_platform/devel/lib/openslam_gmapping/scanmatch_test
Symlinking /home/yons/develop/AI/V_Slam/sim_platform/devel/lib/openslam_gmapping/gfs2neff
Symlinking /home/yons/develop/AI/V_Slam/sim_platform/devel/lib/openslam_gmapping/log_test
Symlinking /home/yons/develop/AI/V_Slam/sim_platform/devel/lib/pkgconfig/openslam_gmapping.pc
