Determining if the pthread_create exist failed with the following output:
Change Dir: /home/yons/develop/AI/V_Slam/sim_platform/build/hector_map_server/CMakeFiles/CMakeTmp

Run Build Command:"/usr/bin/make" "cmTC_89500/fast"
/usr/bin/make -f CMakeFiles/cmTC_89500.dir/build.make CMakeFiles/cmTC_89500.dir/build
make[1]: 进入目录“/home/yons/develop/AI/V_Slam/sim_platform/build/hector_map_server/CMakeFiles/CMakeTmp”
Building C object CMakeFiles/cmTC_89500.dir/CheckSymbolExists.c.o
/usr/lib/ccache/cc    -o CMakeFiles/cmTC_89500.dir/CheckSymbolExists.c.o   -c /home/yons/develop/AI/V_Slam/sim_platform/build/hector_map_server/CMakeFiles/CMakeTmp/CheckSymbolExists.c
Linking C executable cmTC_89500
/usr/bin/cmake -E cmake_link_script CMakeFiles/cmTC_89500.dir/link.txt --verbose=1
/usr/lib/ccache/cc      -rdynamic CMakeFiles/cmTC_89500.dir/CheckSymbolExists.c.o  -o cmTC_89500 
CMakeFiles/cmTC_89500.dir/CheckSymbolExists.c.o：在函数‘main’中：
CheckSymbolExists.c:(.text+0x1b)：对‘pthread_create’未定义的引用
collect2: error: ld returned 1 exit status
CMakeFiles/cmTC_89500.dir/build.make:97: recipe for target 'cmTC_89500' failed
make[1]: *** [cmTC_89500] Error 1
make[1]: 离开目录“/home/yons/develop/AI/V_Slam/sim_platform/build/hector_map_server/CMakeFiles/CMakeTmp”
Makefile:126: recipe for target 'cmTC_89500/fast' failed
make: *** [cmTC_89500/fast] Error 2

File /home/yons/develop/AI/V_Slam/sim_platform/build/hector_map_server/CMakeFiles/CMakeTmp/CheckSymbolExists.c:
/* */
#include <pthread.h>

int main(int argc, char** argv)
{
  (void)argv;
#ifndef pthread_create
  return ((int*)(&pthread_create))[argc];
#else
  (void)argc;
  return 0;
#endif
}

Determining if the function pthread_create exists in the pthreads failed with the following output:
Change Dir: /home/yons/develop/AI/V_Slam/sim_platform/build/hector_map_server/CMakeFiles/CMakeTmp

Run Build Command:"/usr/bin/make" "cmTC_6fc87/fast"
/usr/bin/make -f CMakeFiles/cmTC_6fc87.dir/build.make CMakeFiles/cmTC_6fc87.dir/build
make[1]: 进入目录“/home/yons/develop/AI/V_Slam/sim_platform/build/hector_map_server/CMakeFiles/CMakeTmp”
Building C object CMakeFiles/cmTC_6fc87.dir/CheckFunctionExists.c.o
/usr/lib/ccache/cc   -DCHECK_FUNCTION_EXISTS=pthread_create   -o CMakeFiles/cmTC_6fc87.dir/CheckFunctionExists.c.o   -c /usr/share/cmake-3.10/Modules/CheckFunctionExists.c
Linking C executable cmTC_6fc87
/usr/bin/cmake -E cmake_link_script CMakeFiles/cmTC_6fc87.dir/link.txt --verbose=1
/usr/lib/ccache/cc  -DCHECK_FUNCTION_EXISTS=pthread_create    -rdynamic CMakeFiles/cmTC_6fc87.dir/CheckFunctionExists.c.o  -o cmTC_6fc87 -lpthreads 
/usr/bin/ld: 找不到 -lpthreads
collect2: error: ld returned 1 exit status
CMakeFiles/cmTC_6fc87.dir/build.make:97: recipe for target 'cmTC_6fc87' failed
make[1]: *** [cmTC_6fc87] Error 1
make[1]: 离开目录“/home/yons/develop/AI/V_Slam/sim_platform/build/hector_map_server/CMakeFiles/CMakeTmp”
Makefile:126: recipe for target 'cmTC_6fc87/fast' failed
make: *** [cmTC_6fc87/fast] Error 2


