Symlinking /home/yons/develop/AI/V_Slam/catkin_carto/devel/share/cartographer_ros_msgs/cmake/cartographer_ros_msgsConfig.cmake
Symlinking /home/yons/develop/AI/V_Slam/catkin_carto/devel/share/cartographer_ros_msgs/cmake/cartographer_ros_msgs-msg-paths.cmake
Symlinking /home/yons/develop/AI/V_Slam/catkin_carto/devel/share/cartographer_ros_msgs/cmake/cartographer_ros_msgsConfig-version.cmake
Symlinking /home/yons/develop/AI/V_Slam/catkin_carto/devel/share/cartographer_ros_msgs/cmake/cartographer_ros_msgs-msg-extras.cmake
Symlinking /home/yons/develop/AI/V_Slam/catkin_carto/devel/share/gennodejs/ros/cartographer_ros_msgs/_index.js
Symlinking /home/yons/develop/AI/V_Slam/catkin_carto/devel/share/gennodejs/ros/cartographer_ros_msgs/srv/WriteState.js
Symlinking /home/yons/develop/AI/V_Slam/catkin_carto/devel/share/gennodejs/ros/cartographer_ros_msgs/srv/_index.js
Symlinking /home/yons/develop/AI/V_Slam/catkin_carto/devel/share/gennodejs/ros/cartographer_ros_msgs/srv/FinishTrajectory.js
Symlinking /home/yons/develop/AI/V_Slam/catkin_carto/devel/share/gennodejs/ros/cartographer_ros_msgs/srv/SubmapQuery.js
Symlinking /home/yons/develop/AI/V_Slam/catkin_carto/devel/share/gennodejs/ros/cartographer_ros_msgs/srv/StartTrajectory.js
Symlinking /home/yons/develop/AI/V_Slam/catkin_carto/devel/share/gennodejs/ros/cartographer_ros_msgs/msg/SubmapTexture.js
Symlinking /home/yons/develop/AI/V_Slam/catkin_carto/devel/share/gennodejs/ros/cartographer_ros_msgs/msg/SubmapList.js
Symlinking /home/yons/develop/AI/V_Slam/catkin_carto/devel/share/gennodejs/ros/cartographer_ros_msgs/msg/StatusCode.js
Symlinking /home/yons/develop/AI/V_Slam/catkin_carto/devel/share/gennodejs/ros/cartographer_ros_msgs/msg/LandmarkList.js
Symlinking /home/yons/develop/AI/V_Slam/catkin_carto/devel/share/gennodejs/ros/cartographer_ros_msgs/msg/SubmapEntry.js
Symlinking /home/yons/develop/AI/V_Slam/catkin_carto/devel/share/gennodejs/ros/cartographer_ros_msgs/msg/LandmarkEntry.js
Symlinking /home/yons/develop/AI/V_Slam/catkin_carto/devel/share/gennodejs/ros/cartographer_ros_msgs/msg/TrajectoryOptions.js
Symlinking /home/yons/develop/AI/V_Slam/catkin_carto/devel/share/gennodejs/ros/cartographer_ros_msgs/msg/_index.js
Symlinking /home/yons/develop/AI/V_Slam/catkin_carto/devel/share/gennodejs/ros/cartographer_ros_msgs/msg/SensorTopics.js
Symlinking /home/yons/develop/AI/V_Slam/catkin_carto/devel/share/gennodejs/ros/cartographer_ros_msgs/msg/StatusResponse.js
Symlinking /home/yons/develop/AI/V_Slam/catkin_carto/devel/share/roseus/ros/cartographer_ros_msgs/manifest.l
Symlinking /home/yons/develop/AI/V_Slam/catkin_carto/devel/share/roseus/ros/cartographer_ros_msgs/srv/StartTrajectory.l
Symlinking /home/yons/develop/AI/V_Slam/catkin_carto/devel/share/roseus/ros/cartographer_ros_msgs/srv/FinishTrajectory.l
Symlinking /home/yons/develop/AI/V_Slam/catkin_carto/devel/share/roseus/ros/cartographer_ros_msgs/srv/WriteState.l
Symlinking /home/yons/develop/AI/V_Slam/catkin_carto/devel/share/roseus/ros/cartographer_ros_msgs/srv/SubmapQuery.l
Symlinking /home/yons/develop/AI/V_Slam/catkin_carto/devel/share/roseus/ros/cartographer_ros_msgs/msg/SubmapEntry.l
Symlinking /home/yons/develop/AI/V_Slam/catkin_carto/devel/share/roseus/ros/cartographer_ros_msgs/msg/TrajectoryOptions.l
Symlinking /home/yons/develop/AI/V_Slam/catkin_carto/devel/share/roseus/ros/cartographer_ros_msgs/msg/SensorTopics.l
Symlinking /home/yons/develop/AI/V_Slam/catkin_carto/devel/share/roseus/ros/cartographer_ros_msgs/msg/SubmapTexture.l
Symlinking /home/yons/develop/AI/V_Slam/catkin_carto/devel/share/roseus/ros/cartographer_ros_msgs/msg/LandmarkEntry.l
Symlinking /home/yons/develop/AI/V_Slam/catkin_carto/devel/share/roseus/ros/cartographer_ros_msgs/msg/SubmapList.l
Symlinking /home/yons/develop/AI/V_Slam/catkin_carto/devel/share/roseus/ros/cartographer_ros_msgs/msg/StatusResponse.l
Symlinking /home/yons/develop/AI/V_Slam/catkin_carto/devel/share/roseus/ros/cartographer_ros_msgs/msg/LandmarkList.l
Symlinking /home/yons/develop/AI/V_Slam/catkin_carto/devel/share/roseus/ros/cartographer_ros_msgs/msg/StatusCode.l
Symlinking /home/yons/develop/AI/V_Slam/catkin_carto/devel/share/common-lisp/ros/cartographer_ros_msgs/srv/StartTrajectory.lisp
Symlinking /home/yons/develop/AI/V_Slam/catkin_carto/devel/share/common-lisp/ros/cartographer_ros_msgs/srv/FinishTrajectory.lisp
Symlinking /home/yons/develop/AI/V_Slam/catkin_carto/devel/share/common-lisp/ros/cartographer_ros_msgs/srv/cartographer_ros_msgs-srv.asd
Symlinking /home/yons/develop/AI/V_Slam/catkin_carto/devel/share/common-lisp/ros/cartographer_ros_msgs/srv/_package_FinishTrajectory.lisp
Symlinking /home/yons/develop/AI/V_Slam/catkin_carto/devel/share/common-lisp/ros/cartographer_ros_msgs/srv/_package_StartTrajectory.lisp
Symlinking /home/yons/develop/AI/V_Slam/catkin_carto/devel/share/common-lisp/ros/cartographer_ros_msgs/srv/_package.lisp
Symlinking /home/yons/develop/AI/V_Slam/catkin_carto/devel/share/common-lisp/ros/cartographer_ros_msgs/srv/WriteState.lisp
Symlinking /home/yons/develop/AI/V_Slam/catkin_carto/devel/share/common-lisp/ros/cartographer_ros_msgs/srv/_package_WriteState.lisp
Symlinking /home/yons/develop/AI/V_Slam/catkin_carto/devel/share/common-lisp/ros/cartographer_ros_msgs/srv/SubmapQuery.lisp
Symlinking /home/yons/develop/AI/V_Slam/catkin_carto/devel/share/common-lisp/ros/cartographer_ros_msgs/srv/_package_SubmapQuery.lisp
Symlinking /home/yons/develop/AI/V_Slam/catkin_carto/devel/share/common-lisp/ros/cartographer_ros_msgs/msg/_package_TrajectoryOptions.lisp
Symlinking /home/yons/develop/AI/V_Slam/catkin_carto/devel/share/common-lisp/ros/cartographer_ros_msgs/msg/LandmarkList.lisp
Symlinking /home/yons/develop/AI/V_Slam/catkin_carto/devel/share/common-lisp/ros/cartographer_ros_msgs/msg/StatusResponse.lisp
Symlinking /home/yons/develop/AI/V_Slam/catkin_carto/devel/share/common-lisp/ros/cartographer_ros_msgs/msg/SubmapList.lisp
Symlinking /home/yons/develop/AI/V_Slam/catkin_carto/devel/share/common-lisp/ros/cartographer_ros_msgs/msg/TrajectoryOptions.lisp
Symlinking /home/yons/develop/AI/V_Slam/catkin_carto/devel/share/common-lisp/ros/cartographer_ros_msgs/msg/_package_LandmarkList.lisp
Symlinking /home/yons/develop/AI/V_Slam/catkin_carto/devel/share/common-lisp/ros/cartographer_ros_msgs/msg/_package_StatusResponse.lisp
Symlinking /home/yons/develop/AI/V_Slam/catkin_carto/devel/share/common-lisp/ros/cartographer_ros_msgs/msg/SubmapTexture.lisp
Symlinking /home/yons/develop/AI/V_Slam/catkin_carto/devel/share/common-lisp/ros/cartographer_ros_msgs/msg/SubmapEntry.lisp
Symlinking /home/yons/develop/AI/V_Slam/catkin_carto/devel/share/common-lisp/ros/cartographer_ros_msgs/msg/_package_StatusCode.lisp
Symlinking /home/yons/develop/AI/V_Slam/catkin_carto/devel/share/common-lisp/ros/cartographer_ros_msgs/msg/_package_LandmarkEntry.lisp
Symlinking /home/yons/develop/AI/V_Slam/catkin_carto/devel/share/common-lisp/ros/cartographer_ros_msgs/msg/_package_SubmapTexture.lisp
Symlinking /home/yons/develop/AI/V_Slam/catkin_carto/devel/share/common-lisp/ros/cartographer_ros_msgs/msg/_package.lisp
Symlinking /home/yons/develop/AI/V_Slam/catkin_carto/devel/share/common-lisp/ros/cartographer_ros_msgs/msg/_package_SubmapEntry.lisp
Symlinking /home/yons/develop/AI/V_Slam/catkin_carto/devel/share/common-lisp/ros/cartographer_ros_msgs/msg/LandmarkEntry.lisp
Symlinking /home/yons/develop/AI/V_Slam/catkin_carto/devel/share/common-lisp/ros/cartographer_ros_msgs/msg/StatusCode.lisp
Symlinking /home/yons/develop/AI/V_Slam/catkin_carto/devel/share/common-lisp/ros/cartographer_ros_msgs/msg/_package_SubmapList.lisp
Symlinking /home/yons/develop/AI/V_Slam/catkin_carto/devel/share/common-lisp/ros/cartographer_ros_msgs/msg/cartographer_ros_msgs-msg.asd
Symlinking /home/yons/develop/AI/V_Slam/catkin_carto/devel/share/common-lisp/ros/cartographer_ros_msgs/msg/_package_SensorTopics.lisp
Symlinking /home/yons/develop/AI/V_Slam/catkin_carto/devel/share/common-lisp/ros/cartographer_ros_msgs/msg/SensorTopics.lisp
Symlinking /home/yons/develop/AI/V_Slam/catkin_carto/devel/include/cartographer_ros_msgs/StatusCode.h
Symlinking /home/yons/develop/AI/V_Slam/catkin_carto/devel/include/cartographer_ros_msgs/FinishTrajectoryResponse.h
Symlinking /home/yons/develop/AI/V_Slam/catkin_carto/devel/include/cartographer_ros_msgs/StartTrajectoryResponse.h
Symlinking /home/yons/develop/AI/V_Slam/catkin_carto/devel/include/cartographer_ros_msgs/StatusResponse.h
Symlinking /home/yons/develop/AI/V_Slam/catkin_carto/devel/include/cartographer_ros_msgs/SubmapQuery.h
Symlinking /home/yons/develop/AI/V_Slam/catkin_carto/devel/include/cartographer_ros_msgs/WriteStateRequest.h
Symlinking /home/yons/develop/AI/V_Slam/catkin_carto/devel/include/cartographer_ros_msgs/SubmapQueryRequest.h
Symlinking /home/yons/develop/AI/V_Slam/catkin_carto/devel/include/cartographer_ros_msgs/FinishTrajectoryRequest.h
Symlinking /home/yons/develop/AI/V_Slam/catkin_carto/devel/include/cartographer_ros_msgs/StartTrajectory.h
Symlinking /home/yons/develop/AI/V_Slam/catkin_carto/devel/include/cartographer_ros_msgs/SubmapEntry.h
Symlinking /home/yons/develop/AI/V_Slam/catkin_carto/devel/include/cartographer_ros_msgs/FinishTrajectory.h
Symlinking /home/yons/develop/AI/V_Slam/catkin_carto/devel/include/cartographer_ros_msgs/WriteState.h
Symlinking /home/yons/develop/AI/V_Slam/catkin_carto/devel/include/cartographer_ros_msgs/SensorTopics.h
Symlinking /home/yons/develop/AI/V_Slam/catkin_carto/devel/include/cartographer_ros_msgs/StartTrajectoryRequest.h
Symlinking /home/yons/develop/AI/V_Slam/catkin_carto/devel/include/cartographer_ros_msgs/SubmapQueryResponse.h
Symlinking /home/yons/develop/AI/V_Slam/catkin_carto/devel/include/cartographer_ros_msgs/SubmapList.h
Symlinking /home/yons/develop/AI/V_Slam/catkin_carto/devel/include/cartographer_ros_msgs/LandmarkEntry.h
Symlinking /home/yons/develop/AI/V_Slam/catkin_carto/devel/include/cartographer_ros_msgs/WriteStateResponse.h
Symlinking /home/yons/develop/AI/V_Slam/catkin_carto/devel/include/cartographer_ros_msgs/LandmarkList.h
Symlinking /home/yons/develop/AI/V_Slam/catkin_carto/devel/include/cartographer_ros_msgs/TrajectoryOptions.h
Symlinking /home/yons/develop/AI/V_Slam/catkin_carto/devel/include/cartographer_ros_msgs/SubmapTexture.h
Symlinking /home/yons/develop/AI/V_Slam/catkin_carto/devel/lib/pkgconfig/cartographer_ros_msgs.pc
Symlinking /home/yons/develop/AI/V_Slam/catkin_carto/devel/lib/python2.7/dist-packages/cartographer_ros_msgs/__init__.py
Symlinking /home/yons/develop/AI/V_Slam/catkin_carto/devel/lib/python2.7/dist-packages/cartographer_ros_msgs/srv/_StartTrajectory.py
Symlinking /home/yons/develop/AI/V_Slam/catkin_carto/devel/lib/python2.7/dist-packages/cartographer_ros_msgs/srv/__init__.py
Symlinking /home/yons/develop/AI/V_Slam/catkin_carto/devel/lib/python2.7/dist-packages/cartographer_ros_msgs/srv/_WriteState.py
Symlinking /home/yons/develop/AI/V_Slam/catkin_carto/devel/lib/python2.7/dist-packages/cartographer_ros_msgs/srv/_SubmapQuery.py
Symlinking /home/yons/develop/AI/V_Slam/catkin_carto/devel/lib/python2.7/dist-packages/cartographer_ros_msgs/srv/_FinishTrajectory.py
Symlinking /home/yons/develop/AI/V_Slam/catkin_carto/devel/lib/python2.7/dist-packages/cartographer_ros_msgs/msg/_StatusResponse.py
Symlinking /home/yons/develop/AI/V_Slam/catkin_carto/devel/lib/python2.7/dist-packages/cartographer_ros_msgs/msg/_StatusCode.py
Symlinking /home/yons/develop/AI/V_Slam/catkin_carto/devel/lib/python2.7/dist-packages/cartographer_ros_msgs/msg/__init__.py
Symlinking /home/yons/develop/AI/V_Slam/catkin_carto/devel/lib/python2.7/dist-packages/cartographer_ros_msgs/msg/_TrajectoryOptions.py
Symlinking /home/yons/develop/AI/V_Slam/catkin_carto/devel/lib/python2.7/dist-packages/cartographer_ros_msgs/msg/_LandmarkEntry.py
Symlinking /home/yons/develop/AI/V_Slam/catkin_carto/devel/lib/python2.7/dist-packages/cartographer_ros_msgs/msg/_SensorTopics.py
Symlinking /home/yons/develop/AI/V_Slam/catkin_carto/devel/lib/python2.7/dist-packages/cartographer_ros_msgs/msg/_SubmapList.py
Symlinking /home/yons/develop/AI/V_Slam/catkin_carto/devel/lib/python2.7/dist-packages/cartographer_ros_msgs/msg/_LandmarkList.py
Symlinking /home/yons/develop/AI/V_Slam/catkin_carto/devel/lib/python2.7/dist-packages/cartographer_ros_msgs/msg/_SubmapTexture.py
Symlinking /home/yons/develop/AI/V_Slam/catkin_carto/devel/lib/python2.7/dist-packages/cartographer_ros_msgs/msg/_SubmapEntry.py
