Determining if the pthread_create exist failed with the following output:
Change Dir: /home/yons/develop/AI/V_Slam/sim_platform/build/service_demo/CMakeFiles/CMakeTmp

Run Build Command:"/usr/bin/make" "cmTC_48c91/fast"
/usr/bin/make -f CMakeFiles/cmTC_48c91.dir/build.make CMakeFiles/cmTC_48c91.dir/build
make[1]: 进入目录“/home/yons/develop/AI/V_Slam/sim_platform/build/service_demo/CMakeFiles/CMakeTmp”
Building C object CMakeFiles/cmTC_48c91.dir/CheckSymbolExists.c.o
/usr/lib/ccache/cc    -o CMakeFiles/cmTC_48c91.dir/CheckSymbolExists.c.o   -c /home/yons/develop/AI/V_Slam/sim_platform/build/service_demo/CMakeFiles/CMakeTmp/CheckSymbolExists.c
Linking C executable cmTC_48c91
/usr/bin/cmake -E cmake_link_script CMakeFiles/cmTC_48c91.dir/link.txt --verbose=1
/usr/lib/ccache/cc      -rdynamic CMakeFiles/cmTC_48c91.dir/CheckSymbolExists.c.o  -o cmTC_48c91 
CMakeFiles/cmTC_48c91.dir/CheckSymbolExists.c.o：在函数‘main’中：
CheckSymbolExists.c:(.text+0x1b)：对‘pthread_create’未定义的引用
collect2: error: ld returned 1 exit status
CMakeFiles/cmTC_48c91.dir/build.make:97: recipe for target 'cmTC_48c91' failed
make[1]: *** [cmTC_48c91] Error 1
make[1]: 离开目录“/home/yons/develop/AI/V_Slam/sim_platform/build/service_demo/CMakeFiles/CMakeTmp”
Makefile:126: recipe for target 'cmTC_48c91/fast' failed
make: *** [cmTC_48c91/fast] Error 2

File /home/yons/develop/AI/V_Slam/sim_platform/build/service_demo/CMakeFiles/CMakeTmp/CheckSymbolExists.c:
/* */
#include <pthread.h>

int main(int argc, char** argv)
{
  (void)argv;
#ifndef pthread_create
  return ((int*)(&pthread_create))[argc];
#else
  (void)argc;
  return 0;
#endif
}

Determining if the function pthread_create exists in the pthreads failed with the following output:
Change Dir: /home/yons/develop/AI/V_Slam/sim_platform/build/service_demo/CMakeFiles/CMakeTmp

Run Build Command:"/usr/bin/make" "cmTC_b5cf3/fast"
/usr/bin/make -f CMakeFiles/cmTC_b5cf3.dir/build.make CMakeFiles/cmTC_b5cf3.dir/build
make[1]: 进入目录“/home/yons/develop/AI/V_Slam/sim_platform/build/service_demo/CMakeFiles/CMakeTmp”
Building C object CMakeFiles/cmTC_b5cf3.dir/CheckFunctionExists.c.o
/usr/lib/ccache/cc   -DCHECK_FUNCTION_EXISTS=pthread_create   -o CMakeFiles/cmTC_b5cf3.dir/CheckFunctionExists.c.o   -c /usr/share/cmake-3.10/Modules/CheckFunctionExists.c
Linking C executable cmTC_b5cf3
/usr/bin/cmake -E cmake_link_script CMakeFiles/cmTC_b5cf3.dir/link.txt --verbose=1
/usr/lib/ccache/cc  -DCHECK_FUNCTION_EXISTS=pthread_create    -rdynamic CMakeFiles/cmTC_b5cf3.dir/CheckFunctionExists.c.o  -o cmTC_b5cf3 -lpthreads 
/usr/bin/ld: 找不到 -lpthreads
collect2: error: ld returned 1 exit status
CMakeFiles/cmTC_b5cf3.dir/build.make:97: recipe for target 'cmTC_b5cf3' failed
make[1]: *** [cmTC_b5cf3] Error 1
make[1]: 离开目录“/home/yons/develop/AI/V_Slam/sim_platform/build/service_demo/CMakeFiles/CMakeTmp”
Makefile:126: recipe for target 'cmTC_b5cf3/fast' failed
make: *** [cmTC_b5cf3/fast] Error 2


