Symlinking /home/yons/develop/AI/V_Slam/sim_platform/devel/share/gennodejs/ros/service_demo/_index.js
Symlinking /home/yons/develop/AI/V_Slam/sim_platform/devel/share/gennodejs/ros/service_demo/srv/Greeting.js
Symlinking /home/yons/develop/AI/V_Slam/sim_platform/devel/share/gennodejs/ros/service_demo/srv/_index.js
Symlinking /home/yons/develop/AI/V_Slam/sim_platform/devel/share/roseus/ros/service_demo/manifest.l
Symlinking /home/yons/develop/AI/V_Slam/sim_platform/devel/share/roseus/ros/service_demo/srv/Greeting.l
Symlinking /home/yons/develop/AI/V_Slam/sim_platform/devel/share/common-lisp/ros/service_demo/srv/_package.lisp
Symlinking /home/yons/develop/AI/V_Slam/sim_platform/devel/share/common-lisp/ros/service_demo/srv/Greeting.lisp
Symlinking /home/yons/develop/AI/V_Slam/sim_platform/devel/share/common-lisp/ros/service_demo/srv/service_demo-srv.asd
Symlinking /home/yons/develop/AI/V_Slam/sim_platform/devel/share/common-lisp/ros/service_demo/srv/_package_Greeting.lisp
Symlinking /home/yons/develop/AI/V_Slam/sim_platform/devel/share/service_demo/cmake/service_demoConfig.cmake
Symlinking /home/yons/develop/AI/V_Slam/sim_platform/devel/share/service_demo/cmake/service_demoConfig-version.cmake
Symlinking /home/yons/develop/AI/V_Slam/sim_platform/devel/share/service_demo/cmake/service_demo-msg-paths.cmake
Symlinking /home/yons/develop/AI/V_Slam/sim_platform/devel/share/service_demo/cmake/service_demo-msg-extras.cmake
Symlinking /home/yons/develop/AI/V_Slam/sim_platform/devel/include/service_demo/GreetingRequest.h
Symlinking /home/yons/develop/AI/V_Slam/sim_platform/devel/include/service_demo/Greeting.h
Symlinking /home/yons/develop/AI/V_Slam/sim_platform/devel/include/service_demo/GreetingResponse.h
Symlinking /home/yons/develop/AI/V_Slam/sim_platform/devel/lib/pkgconfig/service_demo.pc
Symlinking /home/yons/develop/AI/V_Slam/sim_platform/devel/lib/python2.7/dist-packages/service_demo/__init__.py
Symlinking /home/yons/develop/AI/V_Slam/sim_platform/devel/lib/python2.7/dist-packages/service_demo/srv/__init__.py
Symlinking /home/yons/develop/AI/V_Slam/sim_platform/devel/lib/python2.7/dist-packages/service_demo/srv/_Greeting.py
Symlinking /home/yons/develop/AI/V_Slam/sim_platform/devel/lib/service_demo/server
Symlinking /home/yons/develop/AI/V_Slam/sim_platform/devel/lib/service_demo/client
