[35m[1mScanning dependencies of target tf_listerner[0m
[ 10%] [32mBuilding CXX object CMakeFiles/tf_listerner.dir/src/tf_listerner.cpp.o[0m
[35m[1mScanning dependencies of target tf_broadcaster[0m
[ 20%] [32m[1mLinking CXX executable /home/yons/develop/AI/V_Slam/sim_platform/devel/.private/tf_demo/lib/tf_demo/tf_listerner[0m
[ 30%] [32mBuilding CXX object CMakeFiles/tf_broadcaster.dir/src/tf_broadcaster.cpp.o[0m
[ 40%] [32m[1mLinking CXX executable /home/yons/develop/AI/V_Slam/sim_platform/devel/.private/tf_demo/lib/tf_demo/tf_broadcaster[0m
[ 40%] Built target tf_listerner
[35m[1mScanning dependencies of target coordinate_transformation[0m
[35m[1mScanning dependencies of target Quaternion2Euler[0m
[ 40%] Built target tf_broadcaster
[35m[1mScanning dependencies of target Euler2Quaternion[0m
[ 50%] [32mBuilding CXX object CMakeFiles/Quaternion2Euler.dir/src/Quaternion2Euler.cpp.o[0m
[ 60%] [32mBuilding CXX object CMakeFiles/coordinate_transformation.dir/src/coordinate_transformation.cpp.o[0m
[ 70%] [32mBuilding CXX object CMakeFiles/Euler2Quaternion.dir/src/Euler2Quaternion.cpp.o[0m
[ 80%] [32m[1mLinking CXX executable /home/yons/develop/AI/V_Slam/sim_platform/devel/.private/tf_demo/lib/tf_demo/Quaternion2Euler[0m
[ 90%] [32m[1mLinking CXX executable /home/yons/develop/AI/V_Slam/sim_platform/devel/.private/tf_demo/lib/tf_demo/coordinate_transformation[0m
[100%] [32m[1mLinking CXX executable /home/yons/develop/AI/V_Slam/sim_platform/devel/.private/tf_demo/lib/tf_demo/Euler2Quaternion[0m
[100%] Built target Quaternion2Euler
[100%] Built target coordinate_transformation
[100%] Built target Euler2Quaternion
