Determining if the pthread_create exist failed with the following output:
Change Dir: /home/yons/develop/AI/V_Slam/sim_platform/build/hector_geotiff/CMakeFiles/CMakeTmp

Run Build Command:"/usr/bin/make" "cmTC_7ba9e/fast"
/usr/bin/make -f CMakeFiles/cmTC_7ba9e.dir/build.make CMakeFiles/cmTC_7ba9e.dir/build
make[1]: 进入目录“/home/yons/develop/AI/V_Slam/sim_platform/build/hector_geotiff/CMakeFiles/CMakeTmp”
Building C object CMakeFiles/cmTC_7ba9e.dir/CheckSymbolExists.c.o
/usr/lib/ccache/cc    -o CMakeFiles/cmTC_7ba9e.dir/CheckSymbolExists.c.o   -c /home/yons/develop/AI/V_Slam/sim_platform/build/hector_geotiff/CMakeFiles/CMakeTmp/CheckSymbolExists.c
Linking C executable cmTC_7ba9e
/usr/bin/cmake -E cmake_link_script CMakeFiles/cmTC_7ba9e.dir/link.txt --verbose=1
/usr/lib/ccache/cc      -rdynamic CMakeFiles/cmTC_7ba9e.dir/CheckSymbolExists.c.o  -o cmTC_7ba9e 
CMakeFiles/cmTC_7ba9e.dir/CheckSymbolExists.c.o：在函数‘main’中：
CheckSymbolExists.c:(.text+0x1b)：对‘pthread_create’未定义的引用
collect2: error: ld returned 1 exit status
CMakeFiles/cmTC_7ba9e.dir/build.make:97: recipe for target 'cmTC_7ba9e' failed
make[1]: *** [cmTC_7ba9e] Error 1
make[1]: 离开目录“/home/yons/develop/AI/V_Slam/sim_platform/build/hector_geotiff/CMakeFiles/CMakeTmp”
Makefile:126: recipe for target 'cmTC_7ba9e/fast' failed
make: *** [cmTC_7ba9e/fast] Error 2

File /home/yons/develop/AI/V_Slam/sim_platform/build/hector_geotiff/CMakeFiles/CMakeTmp/CheckSymbolExists.c:
/* */
#include <pthread.h>

int main(int argc, char** argv)
{
  (void)argv;
#ifndef pthread_create
  return ((int*)(&pthread_create))[argc];
#else
  (void)argc;
  return 0;
#endif
}

Determining if the function pthread_create exists in the pthreads failed with the following output:
Change Dir: /home/yons/develop/AI/V_Slam/sim_platform/build/hector_geotiff/CMakeFiles/CMakeTmp

Run Build Command:"/usr/bin/make" "cmTC_c8590/fast"
/usr/bin/make -f CMakeFiles/cmTC_c8590.dir/build.make CMakeFiles/cmTC_c8590.dir/build
make[1]: 进入目录“/home/yons/develop/AI/V_Slam/sim_platform/build/hector_geotiff/CMakeFiles/CMakeTmp”
Building C object CMakeFiles/cmTC_c8590.dir/CheckFunctionExists.c.o
/usr/lib/ccache/cc   -DCHECK_FUNCTION_EXISTS=pthread_create   -o CMakeFiles/cmTC_c8590.dir/CheckFunctionExists.c.o   -c /usr/share/cmake-3.10/Modules/CheckFunctionExists.c
Linking C executable cmTC_c8590
/usr/bin/cmake -E cmake_link_script CMakeFiles/cmTC_c8590.dir/link.txt --verbose=1
/usr/lib/ccache/cc  -DCHECK_FUNCTION_EXISTS=pthread_create    -rdynamic CMakeFiles/cmTC_c8590.dir/CheckFunctionExists.c.o  -o cmTC_c8590 -lpthreads 
/usr/bin/ld: 找不到 -lpthreads
collect2: error: ld returned 1 exit status
CMakeFiles/cmTC_c8590.dir/build.make:97: recipe for target 'cmTC_c8590' failed
make[1]: *** [cmTC_c8590] Error 1
make[1]: 离开目录“/home/yons/develop/AI/V_Slam/sim_platform/build/hector_geotiff/CMakeFiles/CMakeTmp”
Makefile:126: recipe for target 'cmTC_c8590/fast' failed
make: *** [cmTC_c8590/fast] Error 2


Determining if the Q_WS_WIN exist failed with the following output:
Change Dir: /home/yons/develop/AI/V_Slam/sim_platform/build/hector_geotiff/CMakeFiles/CMakeTmp

Run Build Command:"/usr/bin/make" "cmTC_c90db/fast"
/usr/bin/make -f CMakeFiles/cmTC_c90db.dir/build.make CMakeFiles/cmTC_c90db.dir/build
make[1]: 进入目录“/home/yons/develop/AI/V_Slam/sim_platform/build/hector_geotiff/CMakeFiles/CMakeTmp”
Building CXX object CMakeFiles/cmTC_c90db.dir/CheckSymbolExists.cxx.o
/usr/lib/ccache/c++   -I/usr/include/qt4   -o CMakeFiles/cmTC_c90db.dir/CheckSymbolExists.cxx.o -c /home/yons/develop/AI/V_Slam/sim_platform/build/hector_geotiff/CMakeFiles/CMakeTmp/CheckSymbolExists.cxx
/home/yons/develop/AI/V_Slam/sim_platform/build/hector_geotiff/CMakeFiles/CMakeTmp/CheckSymbolExists.cxx: In function ‘int main(int, char**)’:
/home/yons/develop/AI/V_Slam/sim_platform/build/hector_geotiff/CMakeFiles/CMakeTmp/CheckSymbolExists.cxx:8:19: error: ‘Q_WS_WIN’ was not declared in this scope
   return ((int*)(&Q_WS_WIN))[argc];
                   ^~~~~~~~
/home/yons/develop/AI/V_Slam/sim_platform/build/hector_geotiff/CMakeFiles/CMakeTmp/CheckSymbolExists.cxx:8:19: note: suggested alternative: ‘Q_WS_X11’
   return ((int*)(&Q_WS_WIN))[argc];
                   ^~~~~~~~
                   Q_WS_X11
CMakeFiles/cmTC_c90db.dir/build.make:65: recipe for target 'CMakeFiles/cmTC_c90db.dir/CheckSymbolExists.cxx.o' failed
make[1]: *** [CMakeFiles/cmTC_c90db.dir/CheckSymbolExists.cxx.o] Error 1
make[1]: 离开目录“/home/yons/develop/AI/V_Slam/sim_platform/build/hector_geotiff/CMakeFiles/CMakeTmp”
Makefile:126: recipe for target 'cmTC_c90db/fast' failed
make: *** [cmTC_c90db/fast] Error 2

File /home/yons/develop/AI/V_Slam/sim_platform/build/hector_geotiff/CMakeFiles/CMakeTmp/CheckSymbolExists.cxx:
/* */
#include <QtCore/qglobal.h>

int main(int argc, char** argv)
{
  (void)argv;
#ifndef Q_WS_WIN
  return ((int*)(&Q_WS_WIN))[argc];
#else
  (void)argc;
  return 0;
#endif
}

Determining if the Q_WS_QWS exist failed with the following output:
Change Dir: /home/yons/develop/AI/V_Slam/sim_platform/build/hector_geotiff/CMakeFiles/CMakeTmp

Run Build Command:"/usr/bin/make" "cmTC_79f0c/fast"
/usr/bin/make -f CMakeFiles/cmTC_79f0c.dir/build.make CMakeFiles/cmTC_79f0c.dir/build
make[1]: 进入目录“/home/yons/develop/AI/V_Slam/sim_platform/build/hector_geotiff/CMakeFiles/CMakeTmp”
Building CXX object CMakeFiles/cmTC_79f0c.dir/CheckSymbolExists.cxx.o
/usr/lib/ccache/c++   -I/usr/include/qt4   -o CMakeFiles/cmTC_79f0c.dir/CheckSymbolExists.cxx.o -c /home/yons/develop/AI/V_Slam/sim_platform/build/hector_geotiff/CMakeFiles/CMakeTmp/CheckSymbolExists.cxx
/home/yons/develop/AI/V_Slam/sim_platform/build/hector_geotiff/CMakeFiles/CMakeTmp/CheckSymbolExists.cxx: In function ‘int main(int, char**)’:
/home/yons/develop/AI/V_Slam/sim_platform/build/hector_geotiff/CMakeFiles/CMakeTmp/CheckSymbolExists.cxx:8:19: error: ‘Q_WS_QWS’ was not declared in this scope
   return ((int*)(&Q_WS_QWS))[argc];
                   ^~~~~~~~
/home/yons/develop/AI/V_Slam/sim_platform/build/hector_geotiff/CMakeFiles/CMakeTmp/CheckSymbolExists.cxx:8:19: note: suggested alternative: ‘Q_WS_X11’
   return ((int*)(&Q_WS_QWS))[argc];
                   ^~~~~~~~
                   Q_WS_X11
CMakeFiles/cmTC_79f0c.dir/build.make:65: recipe for target 'CMakeFiles/cmTC_79f0c.dir/CheckSymbolExists.cxx.o' failed
make[1]: *** [CMakeFiles/cmTC_79f0c.dir/CheckSymbolExists.cxx.o] Error 1
make[1]: 离开目录“/home/yons/develop/AI/V_Slam/sim_platform/build/hector_geotiff/CMakeFiles/CMakeTmp”
Makefile:126: recipe for target 'cmTC_79f0c/fast' failed
make: *** [cmTC_79f0c/fast] Error 2

File /home/yons/develop/AI/V_Slam/sim_platform/build/hector_geotiff/CMakeFiles/CMakeTmp/CheckSymbolExists.cxx:
/* */
#include <QtCore/qglobal.h>

int main(int argc, char** argv)
{
  (void)argv;
#ifndef Q_WS_QWS
  return ((int*)(&Q_WS_QWS))[argc];
#else
  (void)argc;
  return 0;
#endif
}

Determining if the Q_WS_MAC exist failed with the following output:
Change Dir: /home/yons/develop/AI/V_Slam/sim_platform/build/hector_geotiff/CMakeFiles/CMakeTmp

Run Build Command:"/usr/bin/make" "cmTC_ae51f/fast"
/usr/bin/make -f CMakeFiles/cmTC_ae51f.dir/build.make CMakeFiles/cmTC_ae51f.dir/build
make[1]: 进入目录“/home/yons/develop/AI/V_Slam/sim_platform/build/hector_geotiff/CMakeFiles/CMakeTmp”
Building CXX object CMakeFiles/cmTC_ae51f.dir/CheckSymbolExists.cxx.o
/usr/lib/ccache/c++   -I/usr/include/qt4   -o CMakeFiles/cmTC_ae51f.dir/CheckSymbolExists.cxx.o -c /home/yons/develop/AI/V_Slam/sim_platform/build/hector_geotiff/CMakeFiles/CMakeTmp/CheckSymbolExists.cxx
/home/yons/develop/AI/V_Slam/sim_platform/build/hector_geotiff/CMakeFiles/CMakeTmp/CheckSymbolExists.cxx: In function ‘int main(int, char**)’:
/home/yons/develop/AI/V_Slam/sim_platform/build/hector_geotiff/CMakeFiles/CMakeTmp/CheckSymbolExists.cxx:8:19: error: ‘Q_WS_MAC’ was not declared in this scope
   return ((int*)(&Q_WS_MAC))[argc];
                   ^~~~~~~~
/home/yons/develop/AI/V_Slam/sim_platform/build/hector_geotiff/CMakeFiles/CMakeTmp/CheckSymbolExists.cxx:8:19: note: suggested alternative: ‘Q_WS_X11’
   return ((int*)(&Q_WS_MAC))[argc];
                   ^~~~~~~~
                   Q_WS_X11
CMakeFiles/cmTC_ae51f.dir/build.make:65: recipe for target 'CMakeFiles/cmTC_ae51f.dir/CheckSymbolExists.cxx.o' failed
make[1]: *** [CMakeFiles/cmTC_ae51f.dir/CheckSymbolExists.cxx.o] Error 1
make[1]: 离开目录“/home/yons/develop/AI/V_Slam/sim_platform/build/hector_geotiff/CMakeFiles/CMakeTmp”
Makefile:126: recipe for target 'cmTC_ae51f/fast' failed
make: *** [cmTC_ae51f/fast] Error 2

File /home/yons/develop/AI/V_Slam/sim_platform/build/hector_geotiff/CMakeFiles/CMakeTmp/CheckSymbolExists.cxx:
/* */
#include <QtCore/qglobal.h>

int main(int argc, char** argv)
{
  (void)argv;
#ifndef Q_WS_MAC
  return ((int*)(&Q_WS_MAC))[argc];
#else
  (void)argc;
  return 0;
#endif
}

