Symlinking /home/yons/develop/AI/V_Slam/sim_platform/devel/share/gennodejs/ros/frontier_exploration/_index.js
Symlinking /home/yons/develop/AI/V_Slam/sim_platform/devel/share/gennodejs/ros/frontier_exploration/msg/ExploreTaskActionGoal.js
Symlinking /home/yons/develop/AI/V_Slam/sim_platform/devel/share/gennodejs/ros/frontier_exploration/msg/ExploreTaskActionResult.js
Symlinking /home/yons/develop/AI/V_Slam/sim_platform/devel/share/gennodejs/ros/frontier_exploration/msg/ExploreTaskActionFeedback.js
Symlinking /home/yons/develop/AI/V_Slam/sim_platform/devel/share/gennodejs/ros/frontier_exploration/msg/Frontier.js
Symlinking /home/yons/develop/AI/V_Slam/sim_platform/devel/share/gennodejs/ros/frontier_exploration/msg/ExploreTaskGoal.js
Symlinking /home/yons/develop/AI/V_Slam/sim_platform/devel/share/gennodejs/ros/frontier_exploration/msg/_index.js
Symlinking /home/yons/develop/AI/V_Slam/sim_platform/devel/share/gennodejs/ros/frontier_exploration/msg/ExploreTaskResult.js
Symlinking /home/yons/develop/AI/V_Slam/sim_platform/devel/share/gennodejs/ros/frontier_exploration/msg/ExploreTaskAction.js
Symlinking /home/yons/develop/AI/V_Slam/sim_platform/devel/share/gennodejs/ros/frontier_exploration/msg/ExploreTaskFeedback.js
Symlinking /home/yons/develop/AI/V_Slam/sim_platform/devel/share/roseus/ros/frontier_exploration/manifest.l
Symlinking /home/yons/develop/AI/V_Slam/sim_platform/devel/share/roseus/ros/frontier_exploration/msg/ExploreTaskAction.l
Symlinking /home/yons/develop/AI/V_Slam/sim_platform/devel/share/roseus/ros/frontier_exploration/msg/ExploreTaskActionFeedback.l
Symlinking /home/yons/develop/AI/V_Slam/sim_platform/devel/share/roseus/ros/frontier_exploration/msg/ExploreTaskFeedback.l
Symlinking /home/yons/develop/AI/V_Slam/sim_platform/devel/share/roseus/ros/frontier_exploration/msg/ExploreTaskResult.l
Symlinking /home/yons/develop/AI/V_Slam/sim_platform/devel/share/roseus/ros/frontier_exploration/msg/Frontier.l
Symlinking /home/yons/develop/AI/V_Slam/sim_platform/devel/share/roseus/ros/frontier_exploration/msg/ExploreTaskActionGoal.l
Symlinking /home/yons/develop/AI/V_Slam/sim_platform/devel/share/roseus/ros/frontier_exploration/msg/ExploreTaskGoal.l
Symlinking /home/yons/develop/AI/V_Slam/sim_platform/devel/share/roseus/ros/frontier_exploration/msg/ExploreTaskActionResult.l
Symlinking /home/yons/develop/AI/V_Slam/sim_platform/devel/share/common-lisp/ros/frontier_exploration/msg/frontier_exploration-msg.asd
Symlinking /home/yons/develop/AI/V_Slam/sim_platform/devel/share/common-lisp/ros/frontier_exploration/msg/ExploreTaskActionGoal.lisp
Symlinking /home/yons/develop/AI/V_Slam/sim_platform/devel/share/common-lisp/ros/frontier_exploration/msg/_package_Frontier.lisp
Symlinking /home/yons/develop/AI/V_Slam/sim_platform/devel/share/common-lisp/ros/frontier_exploration/msg/ExploreTaskAction.lisp
Symlinking /home/yons/develop/AI/V_Slam/sim_platform/devel/share/common-lisp/ros/frontier_exploration/msg/_package_ExploreTaskActionFeedback.lisp
Symlinking /home/yons/develop/AI/V_Slam/sim_platform/devel/share/common-lisp/ros/frontier_exploration/msg/_package_ExploreTaskActionGoal.lisp
Symlinking /home/yons/develop/AI/V_Slam/sim_platform/devel/share/common-lisp/ros/frontier_exploration/msg/Frontier.lisp
Symlinking /home/yons/develop/AI/V_Slam/sim_platform/devel/share/common-lisp/ros/frontier_exploration/msg/_package_ExploreTaskGoal.lisp
Symlinking /home/yons/develop/AI/V_Slam/sim_platform/devel/share/common-lisp/ros/frontier_exploration/msg/ExploreTaskGoal.lisp
Symlinking /home/yons/develop/AI/V_Slam/sim_platform/devel/share/common-lisp/ros/frontier_exploration/msg/_package_ExploreTaskFeedback.lisp
Symlinking /home/yons/develop/AI/V_Slam/sim_platform/devel/share/common-lisp/ros/frontier_exploration/msg/ExploreTaskActionFeedback.lisp
Symlinking /home/yons/develop/AI/V_Slam/sim_platform/devel/share/common-lisp/ros/frontier_exploration/msg/_package_ExploreTaskAction.lisp
Symlinking /home/yons/develop/AI/V_Slam/sim_platform/devel/share/common-lisp/ros/frontier_exploration/msg/ExploreTaskResult.lisp
Symlinking /home/yons/develop/AI/V_Slam/sim_platform/devel/share/common-lisp/ros/frontier_exploration/msg/ExploreTaskFeedback.lisp
Symlinking /home/yons/develop/AI/V_Slam/sim_platform/devel/share/common-lisp/ros/frontier_exploration/msg/_package.lisp
Symlinking /home/yons/develop/AI/V_Slam/sim_platform/devel/share/common-lisp/ros/frontier_exploration/msg/_package_ExploreTaskResult.lisp
Symlinking /home/yons/develop/AI/V_Slam/sim_platform/devel/share/common-lisp/ros/frontier_exploration/msg/_package_ExploreTaskActionResult.lisp
Symlinking /home/yons/develop/AI/V_Slam/sim_platform/devel/share/common-lisp/ros/frontier_exploration/msg/ExploreTaskActionResult.lisp
Symlinking /home/yons/develop/AI/V_Slam/sim_platform/devel/share/frontier_exploration/cmake/frontier_exploration-msg-paths.cmake
Symlinking /home/yons/develop/AI/V_Slam/sim_platform/devel/share/frontier_exploration/cmake/frontier_explorationConfig.cmake
Symlinking /home/yons/develop/AI/V_Slam/sim_platform/devel/share/frontier_exploration/cmake/frontier_explorationConfig-version.cmake
Symlinking /home/yons/develop/AI/V_Slam/sim_platform/devel/share/frontier_exploration/cmake/frontier_exploration-msg-extras.cmake
Symlinking /home/yons/develop/AI/V_Slam/sim_platform/devel/share/frontier_exploration/msg/ExploreTaskAction.msg
Symlinking /home/yons/develop/AI/V_Slam/sim_platform/devel/share/frontier_exploration/msg/ExploreTaskGoal.msg
Symlinking /home/yons/develop/AI/V_Slam/sim_platform/devel/share/frontier_exploration/msg/ExploreTaskActionGoal.msg
Symlinking /home/yons/develop/AI/V_Slam/sim_platform/devel/share/frontier_exploration/msg/ExploreTaskResult.msg
Symlinking /home/yons/develop/AI/V_Slam/sim_platform/devel/share/frontier_exploration/msg/ExploreTaskActionFeedback.msg
Symlinking /home/yons/develop/AI/V_Slam/sim_platform/devel/share/frontier_exploration/msg/ExploreTaskActionResult.msg
Symlinking /home/yons/develop/AI/V_Slam/sim_platform/devel/share/frontier_exploration/msg/ExploreTaskFeedback.msg
Symlinking /home/yons/develop/AI/V_Slam/sim_platform/devel/include/frontier_exploration/ExploreTaskResult.h
Symlinking /home/yons/develop/AI/V_Slam/sim_platform/devel/include/frontier_exploration/ExploreTaskActionGoal.h
Symlinking /home/yons/develop/AI/V_Slam/sim_platform/devel/include/frontier_exploration/ExploreTaskGoal.h
Symlinking /home/yons/develop/AI/V_Slam/sim_platform/devel/include/frontier_exploration/Frontier.h
Symlinking /home/yons/develop/AI/V_Slam/sim_platform/devel/include/frontier_exploration/ExploreTaskActionFeedback.h
Symlinking /home/yons/develop/AI/V_Slam/sim_platform/devel/include/frontier_exploration/ExploreTaskAction.h
Symlinking /home/yons/develop/AI/V_Slam/sim_platform/devel/include/frontier_exploration/ExploreTaskActionResult.h
Symlinking /home/yons/develop/AI/V_Slam/sim_platform/devel/include/frontier_exploration/ExploreTaskFeedback.h
Symlinking /home/yons/develop/AI/V_Slam/sim_platform/devel/lib/libfrontier_plugin.so
Symlinking /home/yons/develop/AI/V_Slam/sim_platform/devel/lib/pkgconfig/frontier_exploration.pc
Symlinking /home/yons/develop/AI/V_Slam/sim_platform/devel/lib/python2.7/dist-packages/frontier_exploration/__init__.py
Symlinking /home/yons/develop/AI/V_Slam/sim_platform/devel/lib/python2.7/dist-packages/frontier_exploration/msg/_ExploreTaskFeedback.py
Symlinking /home/yons/develop/AI/V_Slam/sim_platform/devel/lib/python2.7/dist-packages/frontier_exploration/msg/_Frontier.py
Symlinking /home/yons/develop/AI/V_Slam/sim_platform/devel/lib/python2.7/dist-packages/frontier_exploration/msg/_ExploreTaskAction.py
Symlinking /home/yons/develop/AI/V_Slam/sim_platform/devel/lib/python2.7/dist-packages/frontier_exploration/msg/__init__.py
Symlinking /home/yons/develop/AI/V_Slam/sim_platform/devel/lib/python2.7/dist-packages/frontier_exploration/msg/_ExploreTaskActionGoal.py
Symlinking /home/yons/develop/AI/V_Slam/sim_platform/devel/lib/python2.7/dist-packages/frontier_exploration/msg/_ExploreTaskResult.py
Symlinking /home/yons/develop/AI/V_Slam/sim_platform/devel/lib/python2.7/dist-packages/frontier_exploration/msg/_ExploreTaskActionFeedback.py
Symlinking /home/yons/develop/AI/V_Slam/sim_platform/devel/lib/python2.7/dist-packages/frontier_exploration/msg/_ExploreTaskGoal.py
Symlinking /home/yons/develop/AI/V_Slam/sim_platform/devel/lib/python2.7/dist-packages/frontier_exploration/msg/_ExploreTaskActionResult.py
