Determining if the pthread_create exist failed with the following output:
Change Dir: /home/yons/develop/AI/V_Slam/sim_platform/build/catkin_tools_prebuild/CMakeFiles/CMakeTmp

Run Build Command:"/usr/bin/make" "cmTC_fa514/fast"
/usr/bin/make -f CMakeFiles/cmTC_fa514.dir/build.make CMakeFiles/cmTC_fa514.dir/build
make[1]: 进入目录“/home/yons/develop/AI/V_Slam/sim_platform/build/catkin_tools_prebuild/CMakeFiles/CMakeTmp”
Building C object CMakeFiles/cmTC_fa514.dir/CheckSymbolExists.c.o
/usr/lib/ccache/cc    -o CMakeFiles/cmTC_fa514.dir/CheckSymbolExists.c.o   -c /home/yons/develop/AI/V_Slam/sim_platform/build/catkin_tools_prebuild/CMakeFiles/CMakeTmp/CheckSymbolExists.c
Linking C executable cmTC_fa514
/usr/bin/cmake -E cmake_link_script CMakeFiles/cmTC_fa514.dir/link.txt --verbose=1
/usr/lib/ccache/cc      -rdynamic CMakeFiles/cmTC_fa514.dir/CheckSymbolExists.c.o  -o cmTC_fa514 
CMakeFiles/cmTC_fa514.dir/CheckSymbolExists.c.o：在函数‘main’中：
CheckSymbolExists.c:(.text+0x1b)：对‘pthread_create’未定义的引用
collect2: error: ld returned 1 exit status
CMakeFiles/cmTC_fa514.dir/build.make:97: recipe for target 'cmTC_fa514' failed
make[1]: *** [cmTC_fa514] Error 1
make[1]: 离开目录“/home/yons/develop/AI/V_Slam/sim_platform/build/catkin_tools_prebuild/CMakeFiles/CMakeTmp”
Makefile:126: recipe for target 'cmTC_fa514/fast' failed
make: *** [cmTC_fa514/fast] Error 2

File /home/yons/develop/AI/V_Slam/sim_platform/build/catkin_tools_prebuild/CMakeFiles/CMakeTmp/CheckSymbolExists.c:
/* */
#include <pthread.h>

int main(int argc, char** argv)
{
  (void)argv;
#ifndef pthread_create
  return ((int*)(&pthread_create))[argc];
#else
  (void)argc;
  return 0;
#endif
}

Determining if the function pthread_create exists in the pthreads failed with the following output:
Change Dir: /home/yons/develop/AI/V_Slam/sim_platform/build/catkin_tools_prebuild/CMakeFiles/CMakeTmp

Run Build Command:"/usr/bin/make" "cmTC_e8e6d/fast"
/usr/bin/make -f CMakeFiles/cmTC_e8e6d.dir/build.make CMakeFiles/cmTC_e8e6d.dir/build
make[1]: 进入目录“/home/yons/develop/AI/V_Slam/sim_platform/build/catkin_tools_prebuild/CMakeFiles/CMakeTmp”
Building C object CMakeFiles/cmTC_e8e6d.dir/CheckFunctionExists.c.o
/usr/lib/ccache/cc   -DCHECK_FUNCTION_EXISTS=pthread_create   -o CMakeFiles/cmTC_e8e6d.dir/CheckFunctionExists.c.o   -c /usr/share/cmake-3.10/Modules/CheckFunctionExists.c
Linking C executable cmTC_e8e6d
/usr/bin/cmake -E cmake_link_script CMakeFiles/cmTC_e8e6d.dir/link.txt --verbose=1
/usr/lib/ccache/cc  -DCHECK_FUNCTION_EXISTS=pthread_create    -rdynamic CMakeFiles/cmTC_e8e6d.dir/CheckFunctionExists.c.o  -o cmTC_e8e6d -lpthreads 
/usr/bin/ld: 找不到 -lpthreads
collect2: error: ld returned 1 exit status
CMakeFiles/cmTC_e8e6d.dir/build.make:97: recipe for target 'cmTC_e8e6d' failed
make[1]: *** [cmTC_e8e6d] Error 1
make[1]: 离开目录“/home/yons/develop/AI/V_Slam/sim_platform/build/catkin_tools_prebuild/CMakeFiles/CMakeTmp”
Makefile:126: recipe for target 'cmTC_e8e6d/fast' failed
make: *** [cmTC_e8e6d/fast] Error 2


