Determining if the pthread_create exist failed with the following output:
Change Dir: /home/yons/develop/AI/V_Slam/sim_platform/build/hector_slam_launch/CMakeFiles/CMakeTmp

Run Build Command:"/usr/bin/make" "cmTC_63a99/fast"
/usr/bin/make -f CMakeFiles/cmTC_63a99.dir/build.make CMakeFiles/cmTC_63a99.dir/build
make[1]: 进入目录“/home/yons/develop/AI/V_Slam/sim_platform/build/hector_slam_launch/CMakeFiles/CMakeTmp”
Building C object CMakeFiles/cmTC_63a99.dir/CheckSymbolExists.c.o
/usr/lib/ccache/cc    -o CMakeFiles/cmTC_63a99.dir/CheckSymbolExists.c.o   -c /home/yons/develop/AI/V_Slam/sim_platform/build/hector_slam_launch/CMakeFiles/CMakeTmp/CheckSymbolExists.c
Linking C executable cmTC_63a99
/usr/bin/cmake -E cmake_link_script CMakeFiles/cmTC_63a99.dir/link.txt --verbose=1
/usr/lib/ccache/cc      -rdynamic CMakeFiles/cmTC_63a99.dir/CheckSymbolExists.c.o  -o cmTC_63a99 
CMakeFiles/cmTC_63a99.dir/CheckSymbolExists.c.o：在函数‘main’中：
CheckSymbolExists.c:(.text+0x1b)：对‘pthread_create’未定义的引用
collect2: error: ld returned 1 exit status
CMakeFiles/cmTC_63a99.dir/build.make:97: recipe for target 'cmTC_63a99' failed
make[1]: *** [cmTC_63a99] Error 1
make[1]: 离开目录“/home/yons/develop/AI/V_Slam/sim_platform/build/hector_slam_launch/CMakeFiles/CMakeTmp”
Makefile:126: recipe for target 'cmTC_63a99/fast' failed
make: *** [cmTC_63a99/fast] Error 2

File /home/yons/develop/AI/V_Slam/sim_platform/build/hector_slam_launch/CMakeFiles/CMakeTmp/CheckSymbolExists.c:
/* */
#include <pthread.h>

int main(int argc, char** argv)
{
  (void)argv;
#ifndef pthread_create
  return ((int*)(&pthread_create))[argc];
#else
  (void)argc;
  return 0;
#endif
}

Determining if the function pthread_create exists in the pthreads failed with the following output:
Change Dir: /home/yons/develop/AI/V_Slam/sim_platform/build/hector_slam_launch/CMakeFiles/CMakeTmp

Run Build Command:"/usr/bin/make" "cmTC_95335/fast"
/usr/bin/make -f CMakeFiles/cmTC_95335.dir/build.make CMakeFiles/cmTC_95335.dir/build
make[1]: 进入目录“/home/yons/develop/AI/V_Slam/sim_platform/build/hector_slam_launch/CMakeFiles/CMakeTmp”
Building C object CMakeFiles/cmTC_95335.dir/CheckFunctionExists.c.o
/usr/lib/ccache/cc   -DCHECK_FUNCTION_EXISTS=pthread_create   -o CMakeFiles/cmTC_95335.dir/CheckFunctionExists.c.o   -c /usr/share/cmake-3.10/Modules/CheckFunctionExists.c
Linking C executable cmTC_95335
/usr/bin/cmake -E cmake_link_script CMakeFiles/cmTC_95335.dir/link.txt --verbose=1
/usr/lib/ccache/cc  -DCHECK_FUNCTION_EXISTS=pthread_create    -rdynamic CMakeFiles/cmTC_95335.dir/CheckFunctionExists.c.o  -o cmTC_95335 -lpthreads 
/usr/bin/ld: 找不到 -lpthreads
collect2: error: ld returned 1 exit status
CMakeFiles/cmTC_95335.dir/build.make:97: recipe for target 'cmTC_95335' failed
make[1]: *** [cmTC_95335] Error 1
make[1]: 离开目录“/home/yons/develop/AI/V_Slam/sim_platform/build/hector_slam_launch/CMakeFiles/CMakeTmp”
Makefile:126: recipe for target 'cmTC_95335/fast' failed
make: *** [cmTC_95335/fast] Error 2


